<?xml version="1.0" encoding="UTF-8"?>
<robot generator="Robot 5.0.1 (Python 3.10.5 on win32)" generated="20221013 16:38:31.995" rpa="false" schemaversion="3">
<suite id="s1" name="Testes-API-Serverest" source="C:\Users\emily.lanzarin\OneDrive - COMPASSO TECNOLOGIA LTDA\Área de Trabalho\Robotron - Projeto Final\Testes-API-Serverest">
<suite id="s1-s1" name="Tests" source="C:\Users\emily.lanzarin\OneDrive - COMPASSO TECNOLOGIA LTDA\Área de Trabalho\Robotron - Projeto Final\Testes-API-Serverest\tests">
<suite id="s1-s1-s1" name="Login Tests" source="C:\Users\emily.lanzarin\OneDrive - COMPASSO TECNOLOGIA LTDA\Área de Trabalho\Robotron - Projeto Final\Testes-API-Serverest\tests\login_tests.robot">
<kw name="Criar Sessão" library="base" type="SETUP">
<kw name="Create Session" library="RequestsLibrary">
<arg>serverest</arg>
<arg>${BASE_URI}</arg>
<doc>Create Session: create a HTTP session to a server</doc>
<msg timestamp="20221013 16:38:32.749" level="INFO">Creating Session using : alias=serverest, url=http://localhost:3000/, headers={},                     cookies={}, auth=None, timeout=None, proxies=None, verify=False,                     debug=0 </msg>
<status status="PASS" starttime="20221013 16:38:32.749" endtime="20221013 16:38:32.751"/>
</kw>
<status status="PASS" starttime="20221013 16:38:32.746" endtime="20221013 16:38:32.751"/>
</kw>
<test id="s1-s1-s1-t1" name="Cenário 3: POST Efetuar Login Usuario Inexistente 400" line="25">
<kw name="Pegar Dados Login Estatico &quot;user_inexistente&quot;" library="login_keywords" sourcename="Pegar Dados Login Estatico &quot;${palavra}&quot;">
<kw name="Pegar Dados Login Estatico" library="library_teste">
<var>${payload}</var>
<arg>${palavra}</arg>
<msg timestamp="20221013 16:38:32.754" level="INFO">${payload} = {'email': 'ines@istente.com', 'password': 'ines'}</msg>
<status status="PASS" starttime="20221013 16:38:32.753" endtime="20221013 16:38:32.754"/>
</kw>
<kw name="Set Global Variable" library="BuiltIn">
<arg>${payload}</arg>
<doc>Makes a variable available globally in all tests and suites.</doc>
<msg timestamp="20221013 16:38:32.755" level="INFO">${payload} = {'email': 'ines@istente.com', 'password': 'ines'}</msg>
<status status="PASS" starttime="20221013 16:38:32.755" endtime="20221013 16:38:32.755"/>
</kw>
<status status="PASS" starttime="20221013 16:38:32.751" endtime="20221013 16:38:32.756"/>
</kw>
<kw name="POST Endpoint /login Usuario Estatico" library="login_keywords">
<kw name="POST On Session" library="RequestsLibrary">
<var>${response}</var>
<arg>serverest</arg>
<arg>/login</arg>
<arg>json=&amp;{payload}</arg>
<arg>expected_status=Anything</arg>
<doc>Sends a POST request on a previously created HTTP Session.</doc>
<msg timestamp="20221013 16:38:32.772" level="INFO">POST Request : url=http://localhost:3000/login 
 path_url=/login 
 headers={'User-Agent': 'python-requests/2.28.1', 'Accept-Encoding': 'gzip, deflate', 'Accept': '*/*', 'Connection': 'keep-alive', 'Content-Length': '49', 'Content-Type': 'application/json'} 
 body=b'{"email": "ines@istente.com", "password": "ines"}' 
 </msg>
<msg timestamp="20221013 16:38:32.773" level="INFO">POST Response : url=http://localhost:3000/login 
 status=401, reason=Unauthorized 
 headers={'Access-Control-Allow-Origin': '*', 'x-dns-prefetch-control': 'off', 'x-frame-options': 'SAMEORIGIN', 'strict-transport-security': 'max-age=15552000; includeSubDomains', 'x-download-options': 'noopen', 'x-content-type-options': 'nosniff', 'x-xss-protection': '1; mode=block', 'x-moesif-transaction-id': '39469f6d-dc00-4798-a9e1-b2c071e55f65', 'Content-Type': 'application/json; charset=utf-8', 'Content-Length': '48', 'Date': 'Thu, 13 Oct 2022 19:38:32 GMT', 'Connection': 'keep-alive', 'Keep-Alive': 'timeout=5'} 
 body={
    "message": "Email e/ou senha inválidos"
} 
 </msg>
<msg timestamp="20221013 16:38:32.774" level="INFO">${response} = &lt;Response [401]&gt;</msg>
<status status="PASS" starttime="20221013 16:38:32.758" endtime="20221013 16:38:32.775"/>
</kw>
<kw name="Set Global Variable" library="BuiltIn">
<arg>${response}</arg>
<doc>Makes a variable available globally in all tests and suites.</doc>
<msg timestamp="20221013 16:38:32.776" level="INFO">${response} = &lt;Response [401]&gt;</msg>
<status status="PASS" starttime="20221013 16:38:32.776" endtime="20221013 16:38:32.777"/>
</kw>
<kw name="Log To Console" library="BuiltIn">
<arg>${response.content}</arg>
<doc>Logs the given message to the console.</doc>
<status status="PASS" starttime="20221013 16:38:32.778" endtime="20221013 16:38:32.779"/>
</kw>
<status status="PASS" starttime="20221013 16:38:32.756" endtime="20221013 16:38:32.779"/>
</kw>
<kw name="Validar Mensagem &quot;Email e/ou senha inválidos&quot;" library="common" sourcename="Validar Mensagem &quot;${mensagem}&quot;">
<kw name="Log To Console" library="BuiltIn">
<arg>${\n}CONTEÚDO DA RESPONSE: ${\n}${response.content}${\n}</arg>
<doc>Logs the given message to the console.</doc>
<status status="PASS" starttime="20221013 16:38:32.780" endtime="20221013 16:38:32.782"/>
</kw>
<kw name="Should Contain" library="BuiltIn">
<arg>${mensagem}</arg>
<arg>${response.json()["message"]}</arg>
<doc>Fails if ``container`` does not contain ``item`` one or more times.</doc>
<status status="PASS" starttime="20221013 16:38:32.782" endtime="20221013 16:38:32.783"/>
</kw>
<kw name="Log To Console" library="BuiltIn">
<arg>MENSAGEM RECEBIDA: ${response.json()["message"]}. ${\n}${\n}MENSAGEM PREVISTA: ${mensagem}.</arg>
<doc>Logs the given message to the console.</doc>
<status status="PASS" starttime="20221013 16:38:32.783" endtime="20221013 16:38:32.784"/>
</kw>
<status status="PASS" starttime="20221013 16:38:32.779" endtime="20221013 16:38:32.785"/>
</kw>
<kw name="Printar Status Code" library="common">
<kw name="Log To Console" library="BuiltIn">
<arg>${\n}STATUS CODE RECEBIDO: ${\n}${response.status_code}${\n}</arg>
<doc>Logs the given message to the console.</doc>
<status status="PASS" starttime="20221013 16:38:32.786" endtime="20221013 16:38:32.791"/>
</kw>
<status status="PASS" starttime="20221013 16:38:32.785" endtime="20221013 16:38:32.791"/>
</kw>
<tag>LOGIN_USUARIO_INEXISTENTE</tag>
<status status="PASS" starttime="20221013 16:38:32.751" endtime="20221013 16:38:32.792"/>
</test>
<kw name="DELETE Endpoint /usuarios" library="usuarios_keywords" type="TEARDOWN">
<kw name="DELETE On Session" library="RequestsLibrary">
<var>${response}</var>
<arg>serverest</arg>
<arg>/usuarios/${id_usuario}</arg>
<arg>expected_status=Anything</arg>
<doc>Sends a DELETE request on a previously created HTTP Session.</doc>
<msg timestamp="20221013 16:38:32.796" level="INFO">${response} = None</msg>
<msg timestamp="20221013 16:38:32.798" level="FAIL">Variable '${id_usuario}' not found.</msg>
<status status="FAIL" starttime="20221013 16:38:32.796" endtime="20221013 16:38:32.799"/>
</kw>
<kw name="Set Global Variable" library="BuiltIn">
<arg>${response}</arg>
<doc>Makes a variable available globally in all tests and suites.</doc>
<msg timestamp="20221013 16:38:32.799" level="INFO">${response} = None</msg>
<status status="PASS" starttime="20221013 16:38:32.799" endtime="20221013 16:38:32.800"/>
</kw>
<status status="FAIL" starttime="20221013 16:38:32.794" endtime="20221013 16:38:32.801">Variable '${id_usuario}' not found.</status>
</kw>
<doc>Arquivo de Testes para Endpoint /login</doc>
<status status="FAIL" starttime="20221013 16:38:32.038" endtime="20221013 16:38:32.801">Suite teardown failed:
Variable '${id_usuario}' not found.</status>
</suite>
<status status="FAIL" starttime="20221013 16:38:32.033" endtime="20221013 16:38:32.807"/>
</suite>
<status status="FAIL" starttime="20221013 16:38:32.012" endtime="20221013 16:38:32.809"/>
</suite>
<statistics>
<total>
<stat pass="0" fail="1" skip="0">All Tests</stat>
</total>
<tag>
<stat pass="0" fail="1" skip="0">LOGIN_USUARIO_INEXISTENTE</stat>
</tag>
<suite>
<stat pass="0" fail="1" skip="0" id="s1" name="Testes-API-Serverest">Testes-API-Serverest</stat>
<stat pass="0" fail="1" skip="0" id="s1-s1" name="Tests">Testes-API-Serverest.Tests</stat>
<stat pass="0" fail="1" skip="0" id="s1-s1-s1" name="Login Tests">Testes-API-Serverest.Tests.Login Tests</stat>
</suite>
</statistics>
<errors>
</errors>
</robot>
